0 info it worked if it ends with ok
1 verbose cli [ '/Users/chrisessig/.nvm/versions/node/v4.8.4/bin/node',
1 verbose cli   '/Users/chrisessig/.nvm/versions/node/v4.8.4/bin/npm',
1 verbose cli   'install' ]
2 info using npm@2.15.11
3 info using node@v4.8.4
4 verbose readDependencies loading dependencies from /Users/chrisessig/Documents/tribune/github/salaries/tx_salaries/package.json
5 error install Couldn't read dependencies
6 verbose stack Error: ENOENT: no such file or directory, open '/Users/chrisessig/Documents/tribune/github/salaries/tx_salaries/package.json'
6 verbose stack     at Error (native)
7 verbose cwd /Users/chrisessig/Documents/tribune/github/salaries/tx_salaries
8 error Darwin 16.7.0
9 error argv "/Users/chrisessig/.nvm/versions/node/v4.8.4/bin/node" "/Users/chrisessig/.nvm/versions/node/v4.8.4/bin/npm" "install"
10 error node v4.8.4
11 error npm  v2.15.11
12 error path /Users/chrisessig/Documents/tribune/github/salaries/tx_salaries/package.json
13 error code ENOPACKAGEJSON
14 error errno -2
15 error syscall open
16 error package.json ENOENT: no such file or directory, open '/Users/chrisessig/Documents/tribune/github/salaries/tx_salaries/package.json'
16 error package.json This is most likely not a problem with npm itself.
16 error package.json npm can't find a package.json file in your current directory.
17 verbose exit [ -2, true ]
